2021-02-27T10:02:15.391Z [AUDIT] Token created by 'anonymous': tokenId='c7995e45-890e-4fb3-a267-d5fbfe347648', issuer='jfrou@01ezhf0fgffen3w0gvzw6ea86h', subject='jfrou@01ezhf0fgffen3w0gvzw6ea86h', expiry=none, refreshable=false
2021-02-27T10:02:19.618Z [AUDIT] Token created by 'anonymous': tokenId='5f575143-f667-4e64-8e17-7e1a5d14dd7c', issuer='jfac@01ezhf08by9nt90v6x5kgk1ceq', subject='jfac@01ezhf08by9nt90v6x5kgk1ceq', expiry=1614420259613, refreshable=false
2021-02-27T10:02:19.753Z [AUDIT] Token created by 'anonymous': tokenId='65798bb6-1721-41a3-abd1-a7f17916eab7', issuer='jfac@01ezhf08by9nt90v6x5kgk1ceq', subject='jfac@01ezhf08by9nt90v6x5kgk1ceq', expiry=1614420259751, refreshable=false
2021-02-27T10:02:19.973Z [AUDIT] Token created by 'anonymous': tokenId='98255bc2-78ab-4fd7-ab18-2db42f0964fe', issuer='jfac@01ezhf08by9nt90v6x5kgk1ceq', subject='jfac@01ezhf08by9nt90v6x5kgk1ceq', expiry=1614420259972, refreshable=false
2021-02-27T10:02:20.389Z [AUDIT] Token created by 'anonymous': tokenId='9552a3d2-aca1-41d1-a860-f1480cfefc75', issuer='jfac@01ezhf08by9nt90v6x5kgk1ceq', subject='jfac@01ezhf08by9nt90v6x5kgk1ceq', expiry=1614420260387, refreshable=false
2021-02-27T10:02:20.712Z [AUDIT] Token created by 'anonymous': tokenId='18f20590-5420-48fd-94da-555085b72ea2', issuer='jfmd@01ezhf0hn4nmyaesy0p5rb4gq2', subject='jfmd@01ezhf0hn4nmyaesy0p5rb4gq2', expiry=none, refreshable=false
2021-02-27T10:02:20.715Z [AUDIT] Token created by 'anonymous': tokenId='1eefe446-d1dc-4836-bc92-857f1cf72ed9', issuer='jfrt@01ezhf0qhrd9pf0xtn2y4916ky', subject='jfrt@01ezhf0qhrd9pf0xtn2y4916ky', expiry=none, refreshable=false
2021-02-27T10:02:22.553Z [AUDIT] Token created by 'jfrt@01ezhf0qhrd9pf0xtn2y4916ky': tokenId='6e995541-b7f2-4552-a08e-29a110a2d92a', issuer='jfrt@01ezhf0qhrd9pf0xtn2y4916ky', subject='jfrt@01ezhf0qhrd9pf0xtn2y4916ky', expiry=2560500142550, refreshable=false
2021-02-27T10:02:29.192Z [AUDIT] Token created by 'anonymous': tokenId='6e529146-69db-4f1c-95fa-9605ee7675b6', issuer='jffe@000', subject='jffe@000', expiry=none, refreshable=false
2021-02-27T10:02:29.284Z [AUDIT] Token created by 'jffe@000': tokenId='aa2ba3a2-7b8c-4c4d-a287-94b436a19306', issuer='jffe@000', subject='jffe@000/users/jffe@000', expiry=1614420749284, refreshable=false
2021-02-27T10:02:52.466Z [AUDIT] Token created by 'jffe@000': tokenId='532809dc-650b-4c51-99ca-89b19866f450', issuer='jffe@000', subject='jffe@000/users/anonymous', expiry=1614420772465, refreshable=false
2021-02-27T10:03:00.780Z [AUDIT] Token created by 'jffe@000': tokenId='5f6ff2ff-5e01-4fa8-9250-03bf2da383e6', issuer='jffe@000', subject='jffe@000/users/admin', expiry=1614421980777, refreshable=true
2021-02-27T10:03:00.883Z [AUDIT] Token created by 'jffe@000': tokenId='bf54f36c-395f-4d63-a1b9-8cc5ea594554', issuer='jffe@000', subject='jffe@000/users/admin', expiry=1614420780882, refreshable=false
2021-02-27T10:03:00.885Z [AUDIT] Token created by 'jffe@000': tokenId='e65cf8aa-04da-4590-ae1c-b982b4a2110e', issuer='jffe@000', subject='jffe@000/users/admin', expiry=1614420780884, refreshable=false
2021-02-27T10:03:00.885Z [AUDIT] Token created by 'jffe@000': tokenId='24cc9653-e554-41e8-96f0-d44dd2539ba0', issuer='jffe@000', subject='jffe@000/users/admin', expiry=1614420780885, refreshable=false
2021-02-27T10:03:01.770Z [AUDIT] Token created by 'jffe@000': tokenId='1da247b4-9d53-434d-ae09-1a068a91a620', issuer='jffe@000', subject='jffe@000/users/admin', expiry=1614420781770, refreshable=false
2021-02-27T10:07:00.814Z [AUDIT] Token created by 'anonymous': tokenId='4d84a500-7ad1-402f-becb-ad52fbf07477', issuer='jfrou@01ezhf0fgffen3w0gvzw6ea86h', subject='jfrou@01ezhf0fgffen3w0gvzw6ea86h', expiry=none, refreshable=false
2021-02-27T10:07:05.510Z [AUDIT] Token created by 'anonymous': tokenId='d2323009-2aee-481e-9358-faa11b1620d1', issuer='jfac@01ezhf08by9nt90v6x5kgk1ceq', subject='jfac@01ezhf08by9nt90v6x5kgk1ceq', expiry=1614420545500, refreshable=false
2021-02-27T10:07:05.642Z [AUDIT] Token created by 'anonymous': tokenId='08c478d7-eefd-4a45-8281-9bb95ea22841', issuer='jfac@01ezhf08by9nt90v6x5kgk1ceq', subject='jfac@01ezhf08by9nt90v6x5kgk1ceq', expiry=1614420545638, refreshable=false
2021-02-27T10:07:05.873Z [AUDIT] Token created by 'anonymous': tokenId='3e64e387-f25b-4431-9caf-70ea018d5eb6', issuer='jfac@01ezhf08by9nt90v6x5kgk1ceq', subject='jfac@01ezhf08by9nt90v6x5kgk1ceq', expiry=1614420545867, refreshable=false
2021-02-27T10:07:06.308Z [AUDIT] Token created by 'anonymous': tokenId='5be400ec-471f-4239-8b93-5c7ecad1e66f', issuer='jfac@01ezhf08by9nt90v6x5kgk1ceq', subject='jfac@01ezhf08by9nt90v6x5kgk1ceq', expiry=1614420546301, refreshable=false
2021-02-27T10:07:06.719Z [AUDIT] Token created by 'anonymous': tokenId='641ced77-b4d2-4d34-9954-fb6101838488', issuer='jfrt@01ezhf0qhrd9pf0xtn2y4916ky', subject='jfrt@01ezhf0qhrd9pf0xtn2y4916ky', expiry=none, refreshable=false
2021-02-27T10:07:06.882Z [AUDIT] Token created by 'anonymous': tokenId='fe9bc54a-70be-4353-9e48-39e5c897a689', issuer='jfmd@01ezhf0hn4nmyaesy0p5rb4gq2', subject='jfmd@01ezhf0hn4nmyaesy0p5rb4gq2', expiry=none, refreshable=false
2021-02-27T10:07:08.236Z [AUDIT] Token created by 'jfrt@01ezhf0qhrd9pf0xtn2y4916ky': tokenId='ace5a22b-ecb8-48cb-b6bf-2baeccae13ba', issuer='jfrt@01ezhf0qhrd9pf0xtn2y4916ky', subject='jfrt@01ezhf0qhrd9pf0xtn2y4916ky', expiry=2560500428233, refreshable=false
2021-02-27T10:07:13.639Z [AUDIT] Token created by 'anonymous': tokenId='68481db9-7c32-4f2a-b509-81cb918cf368', issuer='jffe@000', subject='jffe@000', expiry=none, refreshable=false
2021-02-27T10:07:13.733Z [AUDIT] Token created by 'jffe@000': tokenId='11aef871-aff5-4a04-82d2-6e6d5b4321f5', issuer='jffe@000', subject='jffe@000/users/jffe@000', expiry=1614421033733, refreshable=false
2021-02-27T10:07:51.274Z [AUDIT] Token created by 'jffe@000': tokenId='f693a10a-40ed-46b4-97b1-e349b61e9713', issuer='jffe@000', subject='jffe@000/users/admin', expiry=1614421071273, refreshable=false
2021-02-27T10:08:05.449Z [AUDIT] Token refreshed by 'jffe@000': oldTokenId='5f6ff2ff-5e01-4fa8-9250-03bf2da383e6', tokenId='12c3863f-d557-4427-a7bc-bfd7789ab3a7', issuer='jffe@000', subject='jffe@000/users/admin', expiry=1614422285442, refreshable=true
2021-02-27T10:08:14.772Z [AUDIT] Token created by 'jffe@000': tokenId='8ab87844-7e5a-4309-9d5d-6aa78f8a6a9c', issuer='jffe@000', subject='jffe@000/users/anonymous', expiry=1614421094771, refreshable=false
2021-02-27T10:08:18.776Z [AUDIT] Token created by 'jffe@000': tokenId='49d7e8eb-2c17-43e3-ae60-c66a90a7b92d', issuer='jffe@000', subject='jffe@000/users/admin', expiry=1614421098775, refreshable=false
2021-02-27T10:20:15.163Z [AUDIT] Token created by 'anonymous': tokenId='759b07a4-e44e-49ee-aeb8-e18607924430', issuer='jfrou@01ezhf0fgffen3w0gvzw6ea86h', subject='jfrou@01ezhf0fgffen3w0gvzw6ea86h', expiry=none, refreshable=false
2021-02-27T10:20:15.258Z [AUDIT] Token revoked by 'anonymous': tokenId='4d84a500-7ad1-402f-becb-ad52fbf07477', issuer='jfrou@01ezhf0fgffen3w0gvzw6ea86h', subject='jfrou@01ezhf0fgffen3w0gvzw6ea86h', expiry=none, refreshable=false
2021-02-27T10:20:19.882Z [AUDIT] Token created by 'anonymous': tokenId='03011194-19aa-4552-9809-99feb1f82a23', issuer='jfac@01ezhf08by9nt90v6x5kgk1ceq', subject='jfac@01ezhf08by9nt90v6x5kgk1ceq', expiry=1614421339877, refreshable=false
2021-02-27T10:20:20.020Z [AUDIT] Token created by 'anonymous': tokenId='7c30cad9-efb2-4da8-8ebe-a5d1d02a4c75', issuer='jfac@01ezhf08by9nt90v6x5kgk1ceq', subject='jfac@01ezhf08by9nt90v6x5kgk1ceq', expiry=1614421340014, refreshable=false
2021-02-27T10:20:20.246Z [AUDIT] Token created by 'anonymous': tokenId='0a03ae64-c8aa-45a7-ba2f-dafc6de7b9e6', issuer='jfac@01ezhf08by9nt90v6x5kgk1ceq', subject='jfac@01ezhf08by9nt90v6x5kgk1ceq', expiry=1614421340242, refreshable=false
2021-02-27T10:20:20.673Z [AUDIT] Token created by 'anonymous': tokenId='5308605d-5bed-4130-be8c-6a4b9033a77b', issuer='jfac@01ezhf08by9nt90v6x5kgk1ceq', subject='jfac@01ezhf08by9nt90v6x5kgk1ceq', expiry=1614421340668, refreshable=false
2021-02-27T10:20:21.288Z [AUDIT] Token created by 'anonymous': tokenId='8ab441cf-7f18-4df7-950e-9946c3624061', issuer='jfmd@01ezhf0hn4nmyaesy0p5rb4gq2', subject='jfmd@01ezhf0hn4nmyaesy0p5rb4gq2', expiry=none, refreshable=false
2021-02-27T10:20:21.311Z [AUDIT] Token revoked by 'anonymous': tokenId='fe9bc54a-70be-4353-9e48-39e5c897a689', issuer='jfmd@01ezhf0hn4nmyaesy0p5rb4gq2', subject='jfmd@01ezhf0hn4nmyaesy0p5rb4gq2', expiry=none, refreshable=false
2021-02-27T10:20:21.820Z [AUDIT] Token created by 'anonymous': tokenId='f791b128-ebd1-4143-a6bd-93ecb848f20d', issuer='jfrt@01ezhf0qhrd9pf0xtn2y4916ky', subject='jfrt@01ezhf0qhrd9pf0xtn2y4916ky', expiry=none, refreshable=false
2021-02-27T10:20:21.830Z [AUDIT] Token revoked by 'anonymous': tokenId='641ced77-b4d2-4d34-9954-fb6101838488', issuer='jfrt@01ezhf0qhrd9pf0xtn2y4916ky', subject='jfrt@01ezhf0qhrd9pf0xtn2y4916ky', expiry=none, refreshable=false
2021-02-27T10:20:24.788Z [AUDIT] Token created by 'jfrt@01ezhf0qhrd9pf0xtn2y4916ky': tokenId='6eabdfdf-07fe-497a-bb1a-c17b4abd9cec', issuer='jfrt@01ezhf0qhrd9pf0xtn2y4916ky', subject='jfrt@01ezhf0qhrd9pf0xtn2y4916ky', expiry=2560501224785, refreshable=false
2021-02-27T10:20:31.111Z [AUDIT] Token created by 'anonymous': tokenId='b26c1b34-de70-4d9c-b7ed-89d55e12b82f', issuer='jffe@000', subject='jffe@000', expiry=none, refreshable=false
2021-02-27T10:20:31.127Z [AUDIT] Token revoked by 'anonymous': tokenId='68481db9-7c32-4f2a-b509-81cb918cf368', issuer='jffe@000', subject='jffe@000', expiry=none, refreshable=false
2021-02-27T10:20:31.381Z [AUDIT] Token created by 'jffe@000': tokenId='4342f963-738f-4373-8109-d05cd8d8542e', issuer='jffe@000', subject='jffe@000/users/jffe@000', expiry=1614421831381, refreshable=false
2021-02-27T10:21:38.991Z [AUDIT] Token created by 'jffe@000': tokenId='09fed8ad-8f14-4562-a63f-6708c6b05937', issuer='jffe@000', subject='jffe@000/users/anonymous', expiry=1614421898991, refreshable=false
2021-02-27T10:21:39.142Z [AUDIT] Token refreshed by 'jffe@000': oldTokenId='12c3863f-d557-4427-a7bc-bfd7789ab3a7', tokenId='8a74bedc-29c2-4b7d-8d2a-17a6a2211697', issuer='jffe@000', subject='jffe@000/users/admin', expiry=1614423099136, refreshable=true
2021-02-27T10:21:39.163Z [AUDIT] Token created by 'jffe@000': tokenId='ecec633f-7ae6-4fa4-a0cf-f5a9938ae8e2', issuer='jffe@000', subject='jffe@000/users/admin', expiry=1614421899162, refreshable=false
2021-02-27T10:21:39.163Z [AUDIT] Token created by 'jffe@000': tokenId='5929b1cf-9ffb-4399-be9c-793794cbad9c', issuer='jffe@000', subject='jffe@000/users/admin', expiry=1614421899163, refreshable=false
2021-02-27T10:21:39.915Z [AUDIT] Token created by 'jffe@000': tokenId='2b49d384-2ac1-4690-a931-cb3ced4ff8b3', issuer='jffe@000', subject='jffe@000/users/admin', expiry=1614421899915, refreshable=false
2021-03-21T18:26:52.049Z [AUDIT] Token created by 'anonymous': tokenId='9fbde9bc-0953-458f-afe8-8d1dcd50b7b8', issuer='jfrou@01ezhf0fgffen3w0gvzw6ea86h', subject='jfrou@01ezhf0fgffen3w0gvzw6ea86h', expiry=none, refreshable=false
2021-03-21T18:26:56.697Z [AUDIT] Token created by 'anonymous': tokenId='201f748d-a358-44c1-a891-4d8cf3af0ae7', issuer='jfac@01ezhf08by9nt90v6x5kgk1ceq', subject='jfac@01ezhf08by9nt90v6x5kgk1ceq', expiry=1616351336690, refreshable=false
2021-03-21T18:26:56.833Z [AUDIT] Token created by 'anonymous': tokenId='7c15ed9c-fb43-4343-af94-40be4a596eb7', issuer='jfac@01ezhf08by9nt90v6x5kgk1ceq', subject='jfac@01ezhf08by9nt90v6x5kgk1ceq', expiry=1616351336828, refreshable=false
2021-03-21T18:26:57.061Z [AUDIT] Token created by 'anonymous': tokenId='0621a72a-62da-470f-a28d-dc34da88d846', issuer='jfac@01ezhf08by9nt90v6x5kgk1ceq', subject='jfac@01ezhf08by9nt90v6x5kgk1ceq', expiry=1616351337058, refreshable=false
2021-03-21T18:26:57.482Z [AUDIT] Token created by 'anonymous': tokenId='bd3ee73f-ba64-4f2d-918d-b9a9fe15769f', issuer='jfac@01ezhf08by9nt90v6x5kgk1ceq', subject='jfac@01ezhf08by9nt90v6x5kgk1ceq', expiry=1616351337478, refreshable=false
2021-03-21T18:26:57.636Z [AUDIT] Token created by 'anonymous': tokenId='77ab9922-39b1-4546-bd3a-67de55958110', issuer='jfmd@01ezhf0hn4nmyaesy0p5rb4gq2', subject='jfmd@01ezhf0hn4nmyaesy0p5rb4gq2', expiry=none, refreshable=false
2021-03-21T18:26:58.575Z [AUDIT] Token created by 'anonymous': tokenId='739ac1c9-01ee-4011-b553-be92c1579bdb', issuer='jfrt@01ezhf0qhrd9pf0xtn2y4916ky', subject='jfrt@01ezhf0qhrd9pf0xtn2y4916ky', expiry=none, refreshable=false
2021-03-21T18:27:01.000Z [AUDIT] Token created by 'jfrt@01ezhf0qhrd9pf0xtn2y4916ky': tokenId='cdd1bca9-1c27-4e36-8074-28193ecc0b77', issuer='jfrt@01ezhf0qhrd9pf0xtn2y4916ky', subject='jfrt@01ezhf0qhrd9pf0xtn2y4916ky', expiry=2562431220998, refreshable=false
2021-03-21T18:27:07.065Z [AUDIT] Token created by 'anonymous': tokenId='fad84e3a-35d9-4eb3-9ea6-3c83abb48f26', issuer='jffe@000', subject='jffe@000', expiry=none, refreshable=false
2021-03-21T18:27:07.205Z [AUDIT] Token created by 'jffe@000': tokenId='ba90619e-9f97-465c-b540-66d68efd8c25', issuer='jffe@000', subject='jffe@000/users/jffe@000', expiry=1616351827204, refreshable=false
2021-04-04T08:50:05.494Z [AUDIT] Token created by 'anonymous': tokenId='0284ce0f-76fc-44c6-9f5d-e08917dee34f', issuer='jfrou@01ezhf0fgffen3w0gvzw6ea86h', subject='jfrou@01ezhf0fgffen3w0gvzw6ea86h', expiry=none, refreshable=false
2021-04-04T08:50:07.607Z [AUDIT] Token created by 'anonymous': tokenId='7d57a60b-9008-4967-9fa2-c07ec3a61a70', issuer='jfac@01ezhf08by9nt90v6x5kgk1ceq', subject='jfac@01ezhf08by9nt90v6x5kgk1ceq', expiry=1617526327599, refreshable=false
2021-04-04T08:50:07.763Z [AUDIT] Token created by 'anonymous': tokenId='5ea6a497-dca9-42fb-838a-830f7151e108', issuer='jfac@01ezhf08by9nt90v6x5kgk1ceq', subject='jfac@01ezhf08by9nt90v6x5kgk1ceq', expiry=1617526327758, refreshable=false
2021-04-04T08:50:07.997Z [AUDIT] Token created by 'anonymous': tokenId='c0dcb4ed-be67-4e31-8859-39df9c6acc52', issuer='jfac@01ezhf08by9nt90v6x5kgk1ceq', subject='jfac@01ezhf08by9nt90v6x5kgk1ceq', expiry=1617526327991, refreshable=false
2021-04-04T08:50:08.428Z [AUDIT] Token created by 'anonymous': tokenId='6d4b7cdb-bfc3-4058-acbf-b2889b6e989d', issuer='jfac@01ezhf08by9nt90v6x5kgk1ceq', subject='jfac@01ezhf08by9nt90v6x5kgk1ceq', expiry=1617526328424, refreshable=false
2021-04-04T08:50:08.992Z [AUDIT] Token created by 'anonymous': tokenId='bda02259-e66f-4e44-aff1-55caa512eecf', issuer='jfmd@01ezhf0hn4nmyaesy0p5rb4gq2', subject='jfmd@01ezhf0hn4nmyaesy0p5rb4gq2', expiry=none, refreshable=false
2021-04-04T08:50:09.247Z [AUDIT] Token created by 'anonymous': tokenId='a1612935-efba-4a7e-980e-05b231760c49', issuer='jfac@01ezhf08by9nt90v6x5kgk1ceq', subject='jfac@01ezhf08by9nt90v6x5kgk1ceq', expiry=1617526329245, refreshable=false
2021-04-04T08:50:10.020Z [AUDIT] Token created by 'anonymous': tokenId='c0026bc2-df64-4526-97cb-d0f94aab62e7', issuer='jfrt@01ezhf0qhrd9pf0xtn2y4916ky', subject='jfrt@01ezhf0qhrd9pf0xtn2y4916ky', expiry=none, refreshable=false
2021-04-04T08:50:12.199Z [AUDIT] Token created by 'jfrt@01ezhf0qhrd9pf0xtn2y4916ky': tokenId='f47944a7-bcaf-439f-a24b-c8f7b1377ba4', issuer='jfrt@01ezhf0qhrd9pf0xtn2y4916ky', subject='jfrt@01ezhf0qhrd9pf0xtn2y4916ky', expiry=2563606212195, refreshable=false
2021-04-04T08:50:18.228Z [AUDIT] Token created by 'anonymous': tokenId='3ecc8eed-00c6-48d2-88fe-bbff3b0c92ba', issuer='jffe@000', subject='jffe@000', expiry=none, refreshable=false
2021-04-04T08:50:18.469Z [AUDIT] Token created by 'jffe@000': tokenId='ec5c8d5e-05dd-4131-b6ca-edaf00992e20', issuer='jffe@000', subject='jffe@000/users/jffe@000', expiry=1617526818468, refreshable=false
2021-04-04T08:58:04.673Z [AUDIT] Token created by 'jffe@000': tokenId='cf341408-14a7-4d4e-9e88-fb891568fdde', issuer='jffe@000', subject='jffe@000/users/anonymous', expiry=1617527284673, refreshable=false
2021-04-04T08:58:04.673Z [AUDIT] Token created by 'jffe@000': tokenId='c839e5c1-d838-45fd-806a-2cddb5b28757', issuer='jffe@000', subject='jffe@000/users/anonymous', expiry=1617527284673, refreshable=false
2021-04-04T08:58:04.677Z [AUDIT] Token created by 'jffe@000': tokenId='eefc49dd-1d7c-4154-84ce-f6084ebec43c', issuer='jffe@000', subject='jffe@000/users/anonymous', expiry=1617527284677, refreshable=false
2021-04-04T08:58:04.680Z [AUDIT] Token created by 'jffe@000': tokenId='c40169ed-bcb5-4463-b1b0-ab89eacb86cb', issuer='jffe@000', subject='jffe@000/users/anonymous', expiry=1617527284680, refreshable=false
2021-04-04T08:58:40.696Z [AUDIT] Token created by 'jffe@000': tokenId='2ffe5a8a-5217-4811-aec2-f7eb2b1ecc23', issuer='jffe@000', subject='jffe@000/users/admin', expiry=1617528520694, refreshable=true
2021-04-04T08:58:40.834Z [AUDIT] Token created by 'jffe@000': tokenId='3dfa6ff8-7bcb-4bb9-aa02-c216be3ce20b', issuer='jffe@000', subject='jffe@000/users/admin', expiry=1617527320833, refreshable=false
2021-04-04T08:58:40.835Z [AUDIT] Token created by 'jffe@000': tokenId='9e7bb65c-4b3c-4347-873a-cf41bc08a2b9', issuer='jffe@000', subject='jffe@000/users/admin', expiry=1617527320835, refreshable=false
2021-04-04T08:58:40.836Z [AUDIT] Token created by 'jffe@000': tokenId='b273a657-4b81-4cb2-8bf1-53c57ab8bbf9', issuer='jffe@000', subject='jffe@000/users/admin', expiry=1617527320835, refreshable=false
2021-04-04T08:58:41.583Z [AUDIT] Token created by 'jffe@000': tokenId='38d4a4ec-0e78-4f56-8bbb-f4925f8264e4', issuer='jffe@000', subject='jffe@000/users/admin', expiry=1617527321583, refreshable=false
2021-04-04T09:00:21.384Z [AUDIT] Token created by 'jffe@000': tokenId='5f5d9d73-0ec9-491c-8223-6590dac5c9b4', issuer='jffe@000', subject='jffe@000/users/jffe@000', expiry=1617527421384, refreshable=false
2021-04-04T09:00:21.384Z [AUDIT] Token created by 'jffe@000': tokenId='5f346278-2952-4bad-8e95-8f5e19044541', issuer='jffe@000', subject='jffe@000/users/jffe@000', expiry=1617527421384, refreshable=false
2021-04-04T09:00:21.387Z [AUDIT] Token created by 'jffe@000': tokenId='68d4d8a3-96e5-4d86-a92f-1a4491cd6260', issuer='jffe@000', subject='jffe@000/users/jffe@000', expiry=1617527421387, refreshable=false
2021-04-04T09:00:21.385Z [AUDIT] Token created by 'jffe@000': tokenId='2f16d739-cfb9-475e-9982-48c84b87248d', issuer='jffe@000', subject='jffe@000/users/jffe@000', expiry=1617527421385, refreshable=false
2021-04-04T09:04:46.435Z [AUDIT] Token refreshed by 'jffe@000': oldTokenId='2ffe5a8a-5217-4811-aec2-f7eb2b1ecc23', tokenId='8cddcc7d-80e2-43b7-8133-34b1f7a77b67', issuer='jffe@000', subject='jffe@000/users/admin', expiry=1617528886426, refreshable=true
2021-04-04T09:08:41.194Z [AUDIT] Token created by 'jffe@000': tokenId='ef8ce458-accf-4b7f-9719-3265f4966da4', issuer='jffe@000', subject='jffe@000/users/admin', expiry=1617527921193, refreshable=false
2021-04-04T09:10:21.467Z [AUDIT] Token created by 'jffe@000': tokenId='daf65649-e864-463b-a5df-6eed03c309cf', issuer='jffe@000', subject='jffe@000/users/jffe@000', expiry=1617528021466, refreshable=false
2021-04-04T09:10:21.468Z [AUDIT] Token created by 'jffe@000': tokenId='962c0899-92e9-4f23-ae06-bf77603af9f3', issuer='jffe@000', subject='jffe@000/users/jffe@000', expiry=1617528021468, refreshable=false
2021-04-04T09:10:21.472Z [AUDIT] Token created by 'jffe@000': tokenId='adff9a6e-679f-42f7-9885-9fb3ecef9879', issuer='jffe@000', subject='jffe@000/users/jffe@000', expiry=1617528021472, refreshable=false
2021-04-04T09:10:21.474Z [AUDIT] Token created by 'jffe@000': tokenId='2be848ed-18e7-4f26-86dd-4a5873216084', issuer='jffe@000', subject='jffe@000/users/jffe@000', expiry=1617528021474, refreshable=false
2021-04-04T09:16:30.837Z [AUDIT] Token refreshed by 'jffe@000': oldTokenId='8cddcc7d-80e2-43b7-8133-34b1f7a77b67', tokenId='072438b1-c3f8-49db-ae27-fa449fb429ff', issuer='jffe@000', subject='jffe@000/users/admin', expiry=1617529590834, refreshable=true
2021-04-04T09:16:40.376Z [AUDIT] Token created by 'jffe@000': tokenId='3c9742c4-521d-4943-93d0-e9eea459aaa4', issuer='jffe@000', subject='jffe@000/users/admin', expiry=1617528400376, refreshable=false
2021-04-04T09:18:40.825Z [AUDIT] Token created by 'jffe@000': tokenId='66805b8a-dc0f-4fd7-8ca0-447dde058dde', issuer='jffe@000', subject='jffe@000/users/admin', expiry=1617528520825, refreshable=false
2021-04-04T09:20:21.524Z [AUDIT] Token created by 'jffe@000': tokenId='88ca9c78-1d71-4083-afa3-bbb348100db8', issuer='jffe@000', subject='jffe@000/users/jffe@000', expiry=1617528621524, refreshable=false
2021-04-04T09:20:21.527Z [AUDIT] Token created by 'jffe@000': tokenId='5641cff3-31cf-47dd-a76f-518f7b360afa', issuer='jffe@000', subject='jffe@000/users/jffe@000', expiry=1617528621527, refreshable=false
2021-04-04T09:20:21.524Z [AUDIT] Token created by 'jffe@000': tokenId='f240a0fd-bf2f-4c6b-bcf8-61b83cb8391c', issuer='jffe@000', subject='jffe@000/users/jffe@000', expiry=1617528621524, refreshable=false
2021-04-04T09:20:21.530Z [AUDIT] Token created by 'jffe@000': tokenId='abdec268-29e0-473b-b23a-89600a6ccc84', issuer='jffe@000', subject='jffe@000/users/jffe@000', expiry=1617528621529, refreshable=false
2021-04-04T09:21:48.117Z [AUDIT] Token refreshed by 'jffe@000': oldTokenId='072438b1-c3f8-49db-ae27-fa449fb429ff', tokenId='c791d495-cb0c-42ee-8049-b3b5550c5dca', issuer='jffe@000', subject='jffe@000/users/admin', expiry=1617529908113, refreshable=true
2021-04-04T09:27:20.968Z [AUDIT] Token refreshed by 'jffe@000': oldTokenId='c791d495-cb0c-42ee-8049-b3b5550c5dca', tokenId='91f6dce4-4ad4-4ac3-9601-569e80ef0734', issuer='jffe@000', subject='jffe@000/users/admin', expiry=1617530240964, refreshable=true
2021-04-04T09:28:40.799Z [AUDIT] Token created by 'jffe@000': tokenId='8a94d4a1-4b5c-423c-b236-86fa945c300d', issuer='jffe@000', subject='jffe@000/users/admin', expiry=1617529120798, refreshable=false
2021-04-04T09:30:21.579Z [AUDIT] Token created by 'jffe@000': tokenId='bcd450e1-24f4-428a-a2c6-d341bfd146ad', issuer='jffe@000', subject='jffe@000/users/jffe@000', expiry=1617529221579, refreshable=false
2021-04-04T09:30:21.580Z [AUDIT] Token created by 'jffe@000': tokenId='b9aa89af-71d9-4d2e-b201-0b7e9e3fead4', issuer='jffe@000', subject='jffe@000/users/jffe@000', expiry=1617529221580, refreshable=false
2021-04-04T09:30:21.579Z [AUDIT] Token created by 'jffe@000': tokenId='2d936991-1855-4ec8-aa27-f9be38d4ff7a', issuer='jffe@000', subject='jffe@000/users/jffe@000', expiry=1617529221579, refreshable=false
2021-04-04T09:30:21.579Z [AUDIT] Token created by 'jffe@000': tokenId='40c94a66-5e1f-4ca5-909a-06d9e5c5ea47', issuer='jffe@000', subject='jffe@000/users/jffe@000', expiry=1617529221579, refreshable=false
2021-04-04T09:32:48.999Z [AUDIT] Token refreshed by 'jffe@000': oldTokenId='91f6dce4-4ad4-4ac3-9601-569e80ef0734', tokenId='ab411ef7-2913-488f-83b6-6ba1c1e54462', issuer='jffe@000', subject='jffe@000/users/admin', expiry=1617530568996, refreshable=true
2021-04-04T09:39:09.144Z [AUDIT] Token created by 'jffe@000': tokenId='57dd44ad-b3f6-491d-be46-237cfd358c03', issuer='jffe@000', subject='jffe@000/users/admin', expiry=1617529749144, refreshable=false
2021-04-04T09:40:21.662Z [AUDIT] Token created by 'jffe@000': tokenId='78deeb96-88eb-4c35-9256-4139fb692fa7', issuer='jffe@000', subject='jffe@000/users/jffe@000', expiry=1617529821662, refreshable=false
2021-04-04T09:40:21.664Z [AUDIT] Token created by 'jffe@000': tokenId='2106e16e-776e-4d86-81a0-7b3dbb9319af', issuer='jffe@000', subject='jffe@000/users/jffe@000', expiry=1617529821664, refreshable=false
2021-04-04T09:40:21.663Z [AUDIT] Token created by 'jffe@000': tokenId='445b0ab5-2f5d-4e48-b85d-774f92253683', issuer='jffe@000', subject='jffe@000/users/jffe@000', expiry=1617529821663, refreshable=false
2021-04-04T09:40:21.665Z [AUDIT] Token created by 'jffe@000': tokenId='6bc9658b-99f5-4ba6-9586-16f5ee9ad34d', issuer='jffe@000', subject='jffe@000/users/jffe@000', expiry=1617529821664, refreshable=false
2021-04-04T09:49:09.143Z [AUDIT] Token created by 'jffe@000': tokenId='c6c39e7b-39f8-4866-8fdb-7a4413e7ef90', issuer='jffe@000', subject='jffe@000/users/admin', expiry=1617530349143, refreshable=false
2021-04-04T09:50:01.588Z [AUDIT] Token revoked by 'anonymous': tokenId='fad84e3a-35d9-4eb3-9ea6-3c83abb48f26', issuer='jffe@000', subject='jffe@000', expiry=none, refreshable=false
2021-04-04T09:50:01.602Z [AUDIT] Token revoked by 'anonymous': tokenId='b26c1b34-de70-4d9c-b7ed-89d55e12b82f', issuer='jffe@000', subject='jffe@000', expiry=none, refreshable=false
2021-04-04T09:50:01.608Z [AUDIT] Token revoked by 'anonymous': tokenId='6e529146-69db-4f1c-95fa-9605ee7675b6', issuer='jffe@000', subject='jffe@000', expiry=none, refreshable=false
2021-04-04T09:50:01.613Z [AUDIT] Token revoked by 'anonymous': tokenId='1eefe446-d1dc-4836-bc92-857f1cf72ed9', issuer='jfrt@01ezhf0qhrd9pf0xtn2y4916ky', subject='jfrt@01ezhf0qhrd9pf0xtn2y4916ky', expiry=none, refreshable=false
2021-04-04T09:50:01.617Z [AUDIT] Token revoked by 'anonymous': tokenId='77ab9922-39b1-4546-bd3a-67de55958110', issuer='jfmd@01ezhf0hn4nmyaesy0p5rb4gq2', subject='jfmd@01ezhf0hn4nmyaesy0p5rb4gq2', expiry=none, refreshable=false
2021-04-04T09:50:01.622Z [AUDIT] Token revoked by 'anonymous': tokenId='8ab441cf-7f18-4df7-950e-9946c3624061', issuer='jfmd@01ezhf0hn4nmyaesy0p5rb4gq2', subject='jfmd@01ezhf0hn4nmyaesy0p5rb4gq2', expiry=none, refreshable=false
2021-04-04T09:50:01.627Z [AUDIT] Token revoked by 'anonymous': tokenId='18f20590-5420-48fd-94da-555085b72ea2', issuer='jfmd@01ezhf0hn4nmyaesy0p5rb4gq2', subject='jfmd@01ezhf0hn4nmyaesy0p5rb4gq2', expiry=none, refreshable=false
2021-04-04T09:50:01.633Z [AUDIT] Token revoked by 'anonymous': tokenId='f791b128-ebd1-4143-a6bd-93ecb848f20d', issuer='jfrt@01ezhf0qhrd9pf0xtn2y4916ky', subject='jfrt@01ezhf0qhrd9pf0xtn2y4916ky', expiry=none, refreshable=false
2021-04-04T09:50:01.638Z [AUDIT] Token revoked by 'anonymous': tokenId='739ac1c9-01ee-4011-b553-be92c1579bdb', issuer='jfrt@01ezhf0qhrd9pf0xtn2y4916ky', subject='jfrt@01ezhf0qhrd9pf0xtn2y4916ky', expiry=none, refreshable=false
2021-04-04T09:50:21.750Z [AUDIT] Token created by 'jffe@000': tokenId='2f2dd5cb-8555-4818-8e1e-6a9bf4a8bd71', issuer='jffe@000', subject='jffe@000/users/jffe@000', expiry=1617530421750, refreshable=false
2021-04-04T09:50:21.752Z [AUDIT] Token created by 'jffe@000': tokenId='167a7222-700f-4269-902f-b9aab97cd956', issuer='jffe@000', subject='jffe@000/users/jffe@000', expiry=1617530421752, refreshable=false
2021-04-04T09:50:21.754Z [AUDIT] Token created by 'jffe@000': tokenId='301b73a4-7d46-44dd-b8bd-f61ed55bca5b', issuer='jffe@000', subject='jffe@000/users/jffe@000', expiry=1617530421754, refreshable=false
2021-04-04T09:50:21.754Z [AUDIT] Token created by 'jffe@000': tokenId='dff015a3-f9e0-4970-bfa1-ee21595994e2', issuer='jffe@000', subject='jffe@000/users/jffe@000', expiry=1617530421754, refreshable=false
2021-04-04T09:59:09.146Z [AUDIT] Token created by 'jffe@000': tokenId='4c0b68b3-682e-45b1-ade5-cb872f49d048', issuer='jffe@000', subject='jffe@000/users/admin', expiry=1617530949146, refreshable=false
2021-04-04T10:00:21.811Z [AUDIT] Token created by 'jffe@000': tokenId='41a54387-cf4b-49c2-ab10-7e0b1a7270d7', issuer='jffe@000', subject='jffe@000/users/jffe@000', expiry=1617531021811, refreshable=false
2021-04-04T10:00:21.814Z [AUDIT] Token created by 'jffe@000': tokenId='a23bae75-1657-42e7-83e4-3982a41a7ec9', issuer='jffe@000', subject='jffe@000/users/jffe@000', expiry=1617531021814, refreshable=false
2021-04-04T10:00:21.817Z [AUDIT] Token created by 'jffe@000': tokenId='cbe96f9b-4f33-4062-8d61-69203abd6e88', issuer='jffe@000', subject='jffe@000/users/jffe@000', expiry=1617531021816, refreshable=false
2021-04-04T10:00:21.815Z [AUDIT] Token created by 'jffe@000': tokenId='26be1ccf-9c03-47e7-a45a-bc1dd22fed12', issuer='jffe@000', subject='jffe@000/users/jffe@000', expiry=1617531021815, refreshable=false
2021-05-14T17:50:33.913Z [AUDIT] Token created by 'anonymous': tokenId='8af8e7f8-8d0d-4aa5-9781-87a262683640', issuer='jfrou@01ezhf0fgffen3w0gvzw6ea86h', subject='jfrou@01ezhf0fgffen3w0gvzw6ea86h', expiry=none, refreshable=false
2021-05-14T17:50:33.999Z [AUDIT] Token revoked by 'anonymous': tokenId='0284ce0f-76fc-44c6-9f5d-e08917dee34f', issuer='jfrou@01ezhf0fgffen3w0gvzw6ea86h', subject='jfrou@01ezhf0fgffen3w0gvzw6ea86h', expiry=none, refreshable=false
2021-05-14T17:50:36.119Z [AUDIT] Token created by 'anonymous': tokenId='f3985d31-db55-4f9e-896d-aec5670be4a2', issuer='jfmd@01ezhf0hn4nmyaesy0p5rb4gq2', subject='jfmd@01ezhf0hn4nmyaesy0p5rb4gq2', expiry=none, refreshable=false
2021-05-14T17:50:36.142Z [AUDIT] Token revoked by 'anonymous': tokenId='bda02259-e66f-4e44-aff1-55caa512eecf', issuer='jfmd@01ezhf0hn4nmyaesy0p5rb4gq2', subject='jfmd@01ezhf0hn4nmyaesy0p5rb4gq2', expiry=none, refreshable=false
2021-05-14T17:50:36.539Z [AUDIT] Token created by 'anonymous': tokenId='4c611664-2786-4791-b1c6-093daacc8a24', issuer='jfrt@01ezhf0qhrd9pf0xtn2y4916ky', subject='jfrt@01ezhf0qhrd9pf0xtn2y4916ky', expiry=none, refreshable=false
2021-05-14T17:50:36.550Z [AUDIT] Token revoked by 'anonymous': tokenId='c0026bc2-df64-4526-97cb-d0f94aab62e7', issuer='jfrt@01ezhf0qhrd9pf0xtn2y4916ky', subject='jfrt@01ezhf0qhrd9pf0xtn2y4916ky', expiry=none, refreshable=false
2021-05-14T17:50:38.599Z [AUDIT] Token created by 'jfrt@01ezhf0qhrd9pf0xtn2y4916ky': tokenId='034e9a4a-a6f1-4ce4-aae7-6caca3afb1ce', issuer='jfrt@01ezhf0qhrd9pf0xtn2y4916ky', subject='jfrt@01ezhf0qhrd9pf0xtn2y4916ky', expiry=2567094638593, refreshable=false
2021-05-14T17:50:38.897Z [AUDIT] Token created by 'anonymous': tokenId='d5aea73b-2271-49e8-aec7-b70c22916de7', issuer='jfac@01ezhf08by9nt90v6x5kgk1ceq', subject='jfac@01ezhf08by9nt90v6x5kgk1ceq', expiry=1621014758884, refreshable=false
2021-05-14T17:50:44.680Z [AUDIT] Token created by 'anonymous': tokenId='ec59da3d-9fe0-4d26-8468-cd2a23e86eb9', issuer='jffe@000', subject='jffe@000', expiry=none, refreshable=false
2021-05-14T17:50:44.691Z [AUDIT] Token revoked by 'anonymous': tokenId='3ecc8eed-00c6-48d2-88fe-bbff3b0c92ba', issuer='jffe@000', subject='jffe@000', expiry=none, refreshable=false
2021-05-14T17:50:44.881Z [AUDIT] Token created by 'jffe@000': tokenId='f3e41718-b3b0-417a-8a55-319ff9efbba9', issuer='jffe@000', subject='jffe@000/users/jffe@000', expiry=1621015244881, refreshable=false
2021-05-14T17:51:27.209Z [AUDIT] Token created by 'jffe@000': tokenId='3ec98895-0dbc-4f8c-9395-61545db5ba23', issuer='jffe@000', subject='jffe@000/users/anonymous', expiry=1621015287207, refreshable=false
2021-05-14T17:51:27.208Z [AUDIT] Token created by 'jffe@000': tokenId='de90a629-cdcf-4cad-9ac6-dde508f89497', issuer='jffe@000', subject='jffe@000/users/anonymous', expiry=1621015287207, refreshable=false
2021-05-14T17:51:27.215Z [AUDIT] Token created by 'jffe@000': tokenId='7425946b-67b7-4498-87b2-ec769601f104', issuer='jffe@000', subject='jffe@000/users/anonymous', expiry=1621015287215, refreshable=false
2021-05-14T17:51:27.216Z [AUDIT] Token created by 'jffe@000': tokenId='698e8dd6-52d3-478b-bb20-d205df358ed7', issuer='jffe@000', subject='jffe@000/users/anonymous', expiry=1621015287215, refreshable=false
2021-05-14T17:51:44.722Z [AUDIT] Token created by 'jffe@000': tokenId='848a79cb-3240-40cc-8f01-6ee906f48e81', issuer='jffe@000', subject='jffe@000/users/admin', expiry=1621016504720, refreshable=true
2021-05-14T17:51:44.853Z [AUDIT] Token created by 'jffe@000': tokenId='b58555bf-b947-46ae-a93c-a258322e567e', issuer='jffe@000', subject='jffe@000/users/admin', expiry=1621015304853, refreshable=false
2021-05-14T17:51:44.854Z [AUDIT] Token created by 'jffe@000': tokenId='2d217738-75ea-45f2-8237-ed938e7b56ce', issuer='jffe@000', subject='jffe@000/users/admin', expiry=1621015304853, refreshable=false
2021-05-14T17:51:44.856Z [AUDIT] Token created by 'jffe@000': tokenId='0d2a8921-fa97-42c6-bca7-5e18efb17e70', issuer='jffe@000', subject='jffe@000/users/admin', expiry=1621015304856, refreshable=false
2021-05-14T17:51:45.567Z [AUDIT] Token created by 'jffe@000': tokenId='69752c0f-5fab-4c58-a4a3-83523ea8d475', issuer='jffe@000', subject='jffe@000/users/admin', expiry=1621015305566, refreshable=false
2021-05-14T18:00:47.625Z [AUDIT] Token created by 'jffe@000': tokenId='b12376dd-c4ca-4d21-885e-245ddee9bc7a', issuer='jffe@000', subject='jffe@000/users/jffe@000', expiry=1621015847625, refreshable=false
2021-05-14T18:00:47.625Z [AUDIT] Token created by 'jffe@000': tokenId='21d390a7-3dc9-475d-abe9-924526212ea1', issuer='jffe@000', subject='jffe@000/users/jffe@000', expiry=1621015847625, refreshable=false
2021-05-14T18:00:47.627Z [AUDIT] Token created by 'jffe@000': tokenId='280c8ebb-9ea4-4cce-9ad8-9b3716917558', issuer='jffe@000', subject='jffe@000/users/jffe@000', expiry=1621015847627, refreshable=false
2021-05-14T18:00:47.629Z [AUDIT] Token created by 'jffe@000': tokenId='b8d0ae02-7c56-4f15-bb32-cf33287cce99', issuer='jffe@000', subject='jffe@000/users/jffe@000', expiry=1621015847629, refreshable=false
2021-05-14T18:02:43.662Z [AUDIT] Token created by 'jffe@000': tokenId='195fc0ff-babc-4e83-96a3-e9bede6dd9f8', issuer='jffe@000', subject='jffe@000/users/admin', expiry=1621015963662, refreshable=false
2021-05-14T18:10:47.700Z [AUDIT] Token created by 'jffe@000': tokenId='be60a621-d6b7-4370-8a29-d155a6e19fe4', issuer='jffe@000', subject='jffe@000/users/jffe@000', expiry=1621016447700, refreshable=false
2021-05-14T18:10:47.701Z [AUDIT] Token created by 'jffe@000': tokenId='b201ae31-feb6-40ed-9f23-31f4d6521d37', issuer='jffe@000', subject='jffe@000/users/jffe@000', expiry=1621016447700, refreshable=false
2021-05-14T18:10:47.704Z [AUDIT] Token created by 'jffe@000': tokenId='df20ac74-52f7-4c0a-a150-af8e27407796', issuer='jffe@000', subject='jffe@000/users/jffe@000', expiry=1621016447704, refreshable=false
2021-05-14T18:10:47.708Z [AUDIT] Token created by 'jffe@000': tokenId='269e1811-fddc-4b78-bb43-a661c64d8908', issuer='jffe@000', subject='jffe@000/users/jffe@000', expiry=1621016447708, refreshable=false
2021-05-14T18:13:43.536Z [AUDIT] Token created by 'jffe@000': tokenId='7528846e-ccc9-494c-9f5d-647d2156a564', issuer='jffe@000', subject='jffe@000/users/admin', expiry=1621016623536, refreshable=false
2021-05-14T18:20:47.758Z [AUDIT] Token created by 'jffe@000': tokenId='38871a43-9e33-49c9-83d6-046999e8aea2', issuer='jffe@000', subject='jffe@000/users/jffe@000', expiry=1621017047758, refreshable=false
2021-05-14T18:20:47.758Z [AUDIT] Token created by 'jffe@000': tokenId='673b3195-dcb3-4c5c-a9c2-d48c0c7b325e', issuer='jffe@000', subject='jffe@000/users/jffe@000', expiry=1621017047758, refreshable=false
2021-05-14T18:20:47.758Z [AUDIT] Token created by 'jffe@000': tokenId='6060b37e-2890-44eb-ad0d-fd6931815f8a', issuer='jffe@000', subject='jffe@000/users/jffe@000', expiry=1621017047758, refreshable=false
2021-05-14T18:20:47.758Z [AUDIT] Token created by 'jffe@000': tokenId='2d52d637-9f10-425a-b795-4d39c7404aca', issuer='jffe@000', subject='jffe@000/users/jffe@000', expiry=1621017047758, refreshable=false
2021-05-14T18:22:38.364Z [AUDIT] Token created by 'jffe@000': tokenId='842742e2-8de1-4ad8-becf-9c63a276f2bd', issuer='jffe@000', subject='jffe@000/users/anonymous', expiry=1621017158364, refreshable=false
2021-05-14T18:22:38.380Z [AUDIT] Token created by 'jffe@000': tokenId='667856e4-6b8c-4f8a-8fb5-89483f63b96e', issuer='jffe@000', subject='jffe@000/users/anonymous', expiry=1621017158380, refreshable=false
2021-05-14T18:22:38.380Z [AUDIT] Token created by 'jffe@000': tokenId='212a4785-c5dc-43bf-837b-a331902d6e40', issuer='jffe@000', subject='jffe@000/users/anonymous', expiry=1621017158380, refreshable=false
2021-05-14T18:22:38.381Z [AUDIT] Token created by 'jffe@000': tokenId='fae7145c-93c6-46c7-bcf0-c4f053acd0c8', issuer='jffe@000', subject='jffe@000/users/anonymous', expiry=1621017158381, refreshable=false
2021-05-14T18:30:47.781Z [AUDIT] Token created by 'jffe@000': tokenId='9508fa9a-50d6-4070-b10c-0fbfbd5a068a', issuer='jffe@000', subject='jffe@000/users/jffe@000', expiry=1621017647781, refreshable=false
2021-05-14T18:30:47.781Z [AUDIT] Token created by 'jffe@000': tokenId='976815fc-4cce-48b5-a197-9c0813164f30', issuer='jffe@000', subject='jffe@000/users/jffe@000', expiry=1621017647781, refreshable=false
2021-05-14T18:30:47.781Z [AUDIT] Token created by 'jffe@000': tokenId='2c3db04b-5c80-439f-b694-6540eb6eac8e', issuer='jffe@000', subject='jffe@000/users/jffe@000', expiry=1621017647781, refreshable=false
2021-05-14T18:30:47.783Z [AUDIT] Token created by 'jffe@000': tokenId='a9291584-1156-4d97-bb27-293e4b944cb8', issuer='jffe@000', subject='jffe@000/users/jffe@000', expiry=1621017647783, refreshable=false
2021-05-14T18:32:35.112Z [AUDIT] Token created by 'jffe@000': tokenId='63832d11-5204-47d7-a71e-b11608b814c4', issuer='jffe@000', subject='jffe@000/users/admin', expiry=1621018955109, refreshable=true
2021-05-14T18:32:35.187Z [AUDIT] Token created by 'jffe@000': tokenId='69cb7dcc-0b1b-4cac-9d15-9089fb76e8c8', issuer='jffe@000', subject='jffe@000/users/admin', expiry=1621017755187, refreshable=false
2021-05-14T18:32:35.203Z [AUDIT] Token created by 'jffe@000': tokenId='577e4c3a-a6e1-4478-a2b0-d71ad58a5f0e', issuer='jffe@000', subject='jffe@000/users/admin', expiry=1621017755203, refreshable=false
2021-05-14T18:32:35.213Z [AUDIT] Token created by 'jffe@000': tokenId='cee317b1-54cf-4774-9562-d9b71c3a1356', issuer='jffe@000', subject='jffe@000/users/admin', expiry=1621017755204, refreshable=false
2021-05-14T18:34:56.460Z [AUDIT] Token created by 'jffe@000': tokenId='55710b5d-eb40-44b2-a830-17b87daf0dea', issuer='jffe@000', subject='jffe@000/users/anonymous', expiry=1621017896460, refreshable=false
2021-05-14T18:37:35.217Z [AUDIT] Token refreshed by 'jffe@000': oldTokenId='63832d11-5204-47d7-a71e-b11608b814c4', tokenId='48b362b5-8f8c-4d65-8132-d0cf1f454564', issuer='jffe@000', subject='jffe@000/users/admin', expiry=1621019255215, refreshable=true
2021-05-14T18:40:47.845Z [AUDIT] Token created by 'jffe@000': tokenId='1a9b8a45-09e9-4c47-aede-62f75ba9090d', issuer='jffe@000', subject='jffe@000/users/jffe@000', expiry=1621018247845, refreshable=false
2021-05-14T18:40:47.847Z [AUDIT] Token created by 'jffe@000': tokenId='c8e552d2-a10b-463b-a62c-c95608bb54ac', issuer='jffe@000', subject='jffe@000/users/jffe@000', expiry=1621018247846, refreshable=false
2021-05-14T18:40:47.850Z [AUDIT] Token created by 'jffe@000': tokenId='5fca5851-50d1-4429-a357-d04d48b506f0', issuer='jffe@000', subject='jffe@000/users/jffe@000', expiry=1621018247850, refreshable=false
2021-05-14T18:40:47.851Z [AUDIT] Token created by 'jffe@000': tokenId='a650e828-92a2-40f4-832e-559481a10601', issuer='jffe@000', subject='jffe@000/users/jffe@000', expiry=1621018247850, refreshable=false
2021-05-14T18:42:56.091Z [AUDIT] Token created by 'jffe@000': tokenId='d9ef088b-9c6f-4504-bc0e-5dd275fa5468', issuer='jffe@000', subject='jffe@000/users/admin', expiry=1621018376090, refreshable=false
2021-05-14T18:50:47.907Z [AUDIT] Token created by 'jffe@000': tokenId='eb15a498-994d-446a-8fa6-2ee7d3232a01', issuer='jffe@000', subject='jffe@000/users/jffe@000', expiry=1621018847906, refreshable=false
2021-05-14T18:50:47.907Z [AUDIT] Token created by 'jffe@000': tokenId='42f3b565-4d08-416f-b4bb-a9fd395057b1', issuer='jffe@000', subject='jffe@000/users/jffe@000', expiry=1621018847907, refreshable=false
2021-05-14T18:50:47.907Z [AUDIT] Token created by 'jffe@000': tokenId='a5a53d11-0640-42f4-9eeb-d3e3198d333e', issuer='jffe@000', subject='jffe@000/users/jffe@000', expiry=1621018847906, refreshable=false
2021-05-14T18:50:47.907Z [AUDIT] Token created by 'jffe@000': tokenId='d3ded295-5639-40b2-83bb-012972137459', issuer='jffe@000', subject='jffe@000/users/jffe@000', expiry=1621018847907, refreshable=false
2021-05-14T18:53:38.088Z [AUDIT] Token created by 'jffe@000': tokenId='ae4b25f2-e8ae-4398-a27d-a06c9d34eeb7', issuer='jffe@000', subject='jffe@000/users/admin', expiry=1621019018088, refreshable=false
2021-05-14T19:10:18.891Z [AUDIT] Token created by 'jffe@000': tokenId='f1d7507c-a115-48ab-8179-9a8a54d7596a', issuer='jffe@000', subject='jffe@000/users/jffe@000', expiry=1621020018891, refreshable=false
2021-05-14T19:10:18.892Z [AUDIT] Token created by 'jffe@000': tokenId='ef2a4531-771b-44f9-9058-35d070c1b2cf', issuer='jffe@000', subject='jffe@000/users/jffe@000', expiry=1621020018892, refreshable=false
2021-05-14T19:10:18.895Z [AUDIT] Token created by 'jffe@000': tokenId='e270f284-e40f-4461-aa07-ac056b57b5c2', issuer='jffe@000', subject='jffe@000/users/jffe@000', expiry=1621020018895, refreshable=false
2021-05-14T19:10:18.895Z [AUDIT] Token created by 'jffe@000': tokenId='a048f98a-cb60-4c43-8179-a7d60714d5aa', issuer='jffe@000', subject='jffe@000/users/jffe@000', expiry=1621020018895, refreshable=false
2021-05-14T19:10:20.253Z [AUDIT] Token created by 'jffe@000': tokenId='2eb978bb-27ba-4883-92e2-90ee303793dc', issuer='jffe@000', subject='jffe@000/users/anonymous', expiry=1621020020253, refreshable=false
2021-05-14T19:10:20.268Z [AUDIT] Token created by 'jffe@000': tokenId='5cf5ac0f-108a-4f02-bdcd-fb57387d040a', issuer='jffe@000', subject='jffe@000/users/anonymous', expiry=1621020020268, refreshable=false
2021-05-14T19:10:20.268Z [AUDIT] Token created by 'jffe@000': tokenId='a3703475-850d-43cf-aa53-85b31ad2dcf0', issuer='jffe@000', subject='jffe@000/users/anonymous', expiry=1621020020268, refreshable=false
2021-05-14T19:10:20.268Z [AUDIT] Token created by 'jffe@000': tokenId='b06c95c2-2989-463c-9cef-af8b710750eb', issuer='jffe@000', subject='jffe@000/users/anonymous', expiry=1621020020268, refreshable=false
2021-05-14T19:58:34.495Z [AUDIT] Token created by 'jffe@000': tokenId='e47969e0-762f-44b9-b398-c3772fed1581', issuer='jffe@000', subject='jffe@000/users/jffe@000', expiry=1621022914495, refreshable=false
2021-05-14T19:58:34.495Z [AUDIT] Token created by 'jffe@000': tokenId='c2f527e5-6825-4d19-89af-7387f3e76018', issuer='jffe@000', subject='jffe@000/users/jffe@000', expiry=1621022914495, refreshable=false
2021-05-14T19:58:34.496Z [AUDIT] Token created by 'jffe@000': tokenId='f289601e-b3ce-4ff8-a43a-a2c3b73b9116', issuer='jffe@000', subject='jffe@000/users/jffe@000', expiry=1621022914495, refreshable=false
2021-05-14T19:58:34.498Z [AUDIT] Token created by 'jffe@000': tokenId='0c699e58-4c31-4cbc-b2fb-5d0e786e717d', issuer='jffe@000', subject='jffe@000/users/jffe@000', expiry=1621022914497, refreshable=false
2021-05-14T20:08:34.067Z [AUDIT] Token created by 'jffe@000': tokenId='5d918de1-ed5c-4ef1-aa14-4ea5b556d9f1', issuer='jffe@000', subject='jffe@000/users/jffe@000', expiry=1621023514067, refreshable=false
2021-05-14T20:08:34.069Z [AUDIT] Token created by 'jffe@000': tokenId='ee3043dc-7c9b-404f-987d-511a795b7185', issuer='jffe@000', subject='jffe@000/users/jffe@000', expiry=1621023514069, refreshable=false
2021-05-14T20:08:34.070Z [AUDIT] Token created by 'jffe@000': tokenId='f6cd520d-48d0-426d-8ec5-dc076d16a641', issuer='jffe@000', subject='jffe@000/users/jffe@000', expiry=1621023514065, refreshable=false
2021-05-14T20:08:34.071Z [AUDIT] Token created by 'jffe@000': tokenId='739484b8-cb28-4249-aeba-ec56c9144ad9', issuer='jffe@000', subject='jffe@000/users/jffe@000', expiry=1621023514070, refreshable=false
2021-05-14T20:18:33.457Z [AUDIT] Token created by 'jffe@000': tokenId='c70492c3-2665-4760-a806-83c05e50d098', issuer='jffe@000', subject='jffe@000/users/jffe@000', expiry=1621024113457, refreshable=false
2021-05-14T20:18:33.457Z [AUDIT] Token created by 'jffe@000': tokenId='1f4bc076-e782-4468-9950-d08fb91c8512', issuer='jffe@000', subject='jffe@000/users/jffe@000', expiry=1621024113457, refreshable=false
2021-05-14T20:18:33.457Z [AUDIT] Token created by 'jffe@000': tokenId='d3c2c6b9-4c66-48b2-b778-16b3d36ea3fb', issuer='jffe@000', subject='jffe@000/users/jffe@000', expiry=1621024113457, refreshable=false
2021-05-14T20:18:33.460Z [AUDIT] Token created by 'jffe@000': tokenId='22eb2581-7b93-4d7e-8945-0634b1224900', issuer='jffe@000', subject='jffe@000/users/jffe@000', expiry=1621024113460, refreshable=false
2021-05-14T20:28:32.884Z [AUDIT] Token created by 'jffe@000': tokenId='5b189f77-6ffb-472e-97e8-9224f32e4064', issuer='jffe@000', subject='jffe@000/users/jffe@000', expiry=1621024712884, refreshable=false
2021-05-14T20:28:32.884Z [AUDIT] Token created by 'jffe@000': tokenId='36389afc-a5e9-4dec-aea9-b6e930a3e34a', issuer='jffe@000', subject='jffe@000/users/jffe@000', expiry=1621024712884, refreshable=false
2021-05-14T20:28:32.854Z [AUDIT] Token created by 'jffe@000': tokenId='4bf2e55f-10da-48d6-a457-ef8a13aea9d8', issuer='jffe@000', subject='jffe@000/users/jffe@000', expiry=1621024712854, refreshable=false
2021-05-14T20:28:32.885Z [AUDIT] Token created by 'jffe@000': tokenId='de4c2ae3-de15-493d-af95-3f32e03577f8', issuer='jffe@000', subject='jffe@000/users/jffe@000', expiry=1621024712884, refreshable=false
2021-05-14T20:38:32.174Z [AUDIT] Token created by 'jffe@000': tokenId='48b98a17-05f5-4076-a677-caf5696ec29f', issuer='jffe@000', subject='jffe@000/users/jffe@000', expiry=1621025312174, refreshable=false
2021-05-14T20:38:32.178Z [AUDIT] Token created by 'jffe@000': tokenId='94cdaca2-4275-4941-a2fd-ed5e2a9f413f', issuer='jffe@000', subject='jffe@000/users/jffe@000', expiry=1621025312178, refreshable=false
2021-05-14T20:38:32.177Z [AUDIT] Token created by 'jffe@000': tokenId='b074868c-f748-4347-a4c3-25e56f079237', issuer='jffe@000', subject='jffe@000/users/jffe@000', expiry=1621025312177, refreshable=false
2021-05-14T20:38:32.178Z [AUDIT] Token created by 'jffe@000': tokenId='e837c7e4-d2d7-451c-858f-ea10d5542e6f', issuer='jffe@000', subject='jffe@000/users/jffe@000', expiry=1621025312178, refreshable=false
2021-05-14T20:48:31.525Z [AUDIT] Token created by 'jffe@000': tokenId='aaa002b0-84f0-47ce-9c51-298ad7651d90', issuer='jffe@000', subject='jffe@000/users/jffe@000', expiry=1621025911525, refreshable=false
2021-05-14T20:48:31.527Z [AUDIT] Token created by 'jffe@000': tokenId='ec8a1510-b635-4b88-a5e0-10d64b42eb14', issuer='jffe@000', subject='jffe@000/users/jffe@000', expiry=1621025911527, refreshable=false
2021-05-14T20:48:31.530Z [AUDIT] Token created by 'jffe@000': tokenId='ae59142b-e77f-4d7f-81fe-47cdac918015', issuer='jffe@000', subject='jffe@000/users/jffe@000', expiry=1621025911530, refreshable=false
2021-05-14T20:48:31.533Z [AUDIT] Token created by 'jffe@000': tokenId='c92f5d39-eb8d-43b1-8bff-16efdab62f76', issuer='jffe@000', subject='jffe@000/users/jffe@000', expiry=1621025911532, refreshable=false
2021-05-14T20:54:02.155Z [AUDIT] Token created by 'jffe@000': tokenId='56b011b1-a99f-43b2-bae6-18f7bef71e10', issuer='jffe@000', subject='jffe@000/users/admin', expiry=1621027442153, refreshable=true
2021-05-14T20:54:02.249Z [AUDIT] Token created by 'jffe@000': tokenId='282c747f-70b5-40b0-bc2f-368f8908a91d', issuer='jffe@000', subject='jffe@000/users/admin', expiry=1621026242249, refreshable=false
2021-05-14T20:54:02.251Z [AUDIT] Token created by 'jffe@000': tokenId='32550943-cb1d-484a-820f-0d367c5f2bbc', issuer='jffe@000', subject='jffe@000/users/admin', expiry=1621026242251, refreshable=false
2021-05-14T20:54:02.251Z [AUDIT] Token created by 'jffe@000': tokenId='c50698c1-efb3-4eea-b944-6157e3225475', issuer='jffe@000', subject='jffe@000/users/admin', expiry=1621026242251, refreshable=false
2021-05-14T20:54:02.417Z [AUDIT] Token created by 'jffe@000': tokenId='d537c9f9-31e3-419a-9688-137c2316be30', issuer='jffe@000', subject='jffe@000/users/anonymous', expiry=1621026242417, refreshable=false
2021-05-14T20:54:02.807Z [AUDIT] Token created by 'jffe@000': tokenId='19dfe305-14fd-49dd-a19b-d628835bef2f', issuer='jffe@000', subject='jffe@000/users/admin', expiry=1621026242807, refreshable=false
2021-05-14T20:58:30.911Z [AUDIT] Token created by 'jffe@000': tokenId='cec472bb-a63f-4a6b-9d0a-681f9b1f19d9', issuer='jffe@000', subject='jffe@000/users/jffe@000', expiry=1621026510911, refreshable=false
2021-05-14T20:58:30.914Z [AUDIT] Token created by 'jffe@000': tokenId='22d59f4b-c2c3-4b64-8a02-773aac4e857b', issuer='jffe@000', subject='jffe@000/users/jffe@000', expiry=1621026510913, refreshable=false
2021-05-14T20:58:30.911Z [AUDIT] Token created by 'jffe@000': tokenId='5be04add-0e67-405a-8f23-b26368cbf994', issuer='jffe@000', subject='jffe@000/users/jffe@000', expiry=1621026510911, refreshable=false
2021-05-14T20:58:30.915Z [AUDIT] Token created by 'jffe@000': tokenId='bf099d03-8b6e-4664-b676-0fa99cea8aea', issuer='jffe@000', subject='jffe@000/users/jffe@000', expiry=1621026510915, refreshable=false
2021-05-14T20:59:47.847Z [AUDIT] Token refreshed by 'jffe@000': oldTokenId='56b011b1-a99f-43b2-bae6-18f7bef71e10', tokenId='0bb6e588-a4b0-41c9-863a-e1310a371884', issuer='jffe@000', subject='jffe@000/users/admin', expiry=1621027787843, refreshable=true
2021-05-14T21:04:01.843Z [AUDIT] Token created by 'jffe@000': tokenId='d4de8771-9fb6-4398-ab2f-6743279bf097', issuer='jffe@000', subject='jffe@000/users/admin', expiry=1621026841843, refreshable=false
2021-05-14T21:08:30.247Z [AUDIT] Token created by 'jffe@000': tokenId='ca43d2ae-f48b-41f2-b54b-3bf67e9c92b7', issuer='jffe@000', subject='jffe@000/users/jffe@000', expiry=1621027110247, refreshable=false
2021-05-14T21:08:30.247Z [AUDIT] Token created by 'jffe@000': tokenId='0016e2ad-e28e-4ce2-a24f-c6ccfad3d2fd', issuer='jffe@000', subject='jffe@000/users/jffe@000', expiry=1621027110247, refreshable=false
2021-05-14T21:08:30.251Z [AUDIT] Token created by 'jffe@000': tokenId='ce1495ca-b268-4444-bcb0-2550e5753a00', issuer='jffe@000', subject='jffe@000/users/jffe@000', expiry=1621027110251, refreshable=false
2021-05-14T21:08:30.253Z [AUDIT] Token created by 'jffe@000': tokenId='11da5058-d2de-45ec-bb53-a7b508abf97d', issuer='jffe@000', subject='jffe@000/users/jffe@000', expiry=1621027110252, refreshable=false
2021-05-14T21:14:34.922Z [AUDIT] Token created by 'jffe@000': tokenId='5d8a5f2b-3278-46e8-b3df-845005af62fb', issuer='jffe@000', subject='jffe@000/users/admin', expiry=1621027474921, refreshable=false
2021-05-14T21:18:29.616Z [AUDIT] Token created by 'jffe@000': tokenId='1005d3d7-a4f5-4332-8409-42a063d166db', issuer='jffe@000', subject='jffe@000/users/jffe@000', expiry=1621027709616, refreshable=false
2021-05-14T21:18:29.587Z [AUDIT] Token created by 'jffe@000': tokenId='c980efe0-5ad0-4008-a83b-8fd5ba7afd88', issuer='jffe@000', subject='jffe@000/users/jffe@000', expiry=1621027709587, refreshable=false
2021-05-14T21:18:29.590Z [AUDIT] Token created by 'jffe@000': tokenId='d522e32a-f9c3-41b0-9d29-ab7d0d38f145', issuer='jffe@000', subject='jffe@000/users/jffe@000', expiry=1621027709590, refreshable=false
2021-05-14T21:18:29.592Z [AUDIT] Token created by 'jffe@000': tokenId='56bf0ed6-9181-4ecf-b4e2-fa9548ed2567', issuer='jffe@000', subject='jffe@000/users/jffe@000', expiry=1621027709590, refreshable=false
2021-05-14T21:24:35.786Z [AUDIT] Token created by 'jffe@000': tokenId='d85a0001-3111-4b68-95a4-45d8ffc2308f', issuer='jffe@000', subject='jffe@000/users/admin', expiry=1621028075786, refreshable=false
2021-05-14T21:28:28.924Z [AUDIT] Token created by 'jffe@000': tokenId='3221f9e4-467b-42bd-8742-2cbad1ab839c', issuer='jffe@000', subject='jffe@000/users/jffe@000', expiry=1621028308924, refreshable=false
2021-05-14T21:28:28.928Z [AUDIT] Token created by 'jffe@000': tokenId='498f3336-f7aa-4a22-80bb-fb7100ef5c7b', issuer='jffe@000', subject='jffe@000/users/jffe@000', expiry=1621028308928, refreshable=false
2021-05-14T21:28:28.926Z [AUDIT] Token created by 'jffe@000': tokenId='75edfaa8-4c2f-4da8-b973-d44aef13ede9', issuer='jffe@000', subject='jffe@000/users/jffe@000', expiry=1621028308926, refreshable=false
2021-05-14T21:28:28.928Z [AUDIT] Token created by 'jffe@000': tokenId='9a4dfc9d-f443-4852-b9c0-52701ca34dc1', issuer='jffe@000', subject='jffe@000/users/jffe@000', expiry=1621028308928, refreshable=false
2021-05-14T21:30:40.012Z [AUDIT] Token created by 'jffe@000': tokenId='fb1b1446-d0f8-4860-ba3b-7e202ae67f5d', issuer='jffe@000', subject='jffe@000/users/anonymous', expiry=1621028440012, refreshable=false
2021-05-14T21:30:40.020Z [AUDIT] Token created by 'jffe@000': tokenId='04819efb-f849-4f78-ac73-5f8145dfc50a', issuer='jffe@000', subject='jffe@000/users/anonymous', expiry=1621028440020, refreshable=false
2021-05-14T21:30:40.021Z [AUDIT] Token created by 'jffe@000': tokenId='7623f203-6aee-410a-8459-8609d22b20ec', issuer='jffe@000', subject='jffe@000/users/anonymous', expiry=1621028440021, refreshable=false
2021-05-14T21:30:40.027Z [AUDIT] Token created by 'jffe@000': tokenId='16f2b469-c394-4fb9-afab-8d9ee0a3fcec', issuer='jffe@000', subject='jffe@000/users/anonymous', expiry=1621028440026, refreshable=false
2021-05-14T21:33:52.425Z [AUDIT] Token created by 'jffe@000': tokenId='57008cfd-23aa-4726-ac0b-b41a68afc2e4', issuer='jffe@000', subject='jffe@000/users/admin', expiry=1621029832421, refreshable=true
2021-05-14T21:33:52.497Z [AUDIT] Token created by 'jffe@000': tokenId='6eb11734-262d-46e0-a3a0-a0907f3aa283', issuer='jffe@000', subject='jffe@000/users/admin', expiry=1621028632497, refreshable=false
2021-05-14T21:33:52.509Z [AUDIT] Token created by 'jffe@000': tokenId='a68028b4-278f-4722-a30c-1daf83600b66', issuer='jffe@000', subject='jffe@000/users/admin', expiry=1621028632509, refreshable=false
2021-05-14T21:33:52.509Z [AUDIT] Token created by 'jffe@000': tokenId='bb4a3c13-5a60-4d40-ae9b-157d5bbe265e', issuer='jffe@000', subject='jffe@000/users/admin', expiry=1621028632509, refreshable=false
2021-05-14T21:38:28.317Z [AUDIT] Token created by 'jffe@000': tokenId='4f70cdbc-b330-4868-826f-753ac6a6632a', issuer='jffe@000', subject='jffe@000/users/jffe@000', expiry=1621028908316, refreshable=false
2021-05-14T21:38:28.315Z [AUDIT] Token created by 'jffe@000': tokenId='e8dc059f-0aa7-4ab3-940b-9ae7f772e176', issuer='jffe@000', subject='jffe@000/users/jffe@000', expiry=1621028908315, refreshable=false
2021-05-14T21:38:28.314Z [AUDIT] Token created by 'jffe@000': tokenId='e24bc835-013d-4ab8-ab1d-568cc1b54885', issuer='jffe@000', subject='jffe@000/users/jffe@000', expiry=1621028908314, refreshable=false
2021-05-14T21:38:28.318Z [AUDIT] Token created by 'jffe@000': tokenId='458b6dc7-00ac-4322-8950-299e433eab24', issuer='jffe@000', subject='jffe@000/users/jffe@000', expiry=1621028908318, refreshable=false
