2021-02-27T10:02:24.293Z [d327a3b6096bc297] [ACCEPTED CONFIGURATION_CHANGE]   for client : _system_ / .
2021-02-27T10:02:29.524Z [4219197038784218] [ACCEPTED LOGIN]   for client : jffe@000 / 127.0.0.1.
2021-02-27T10:02:52.589Z [52b06986d75b5b79] [ACCEPTED LOGIN]   for client : anonymous / 172.18.0.1.
2021-02-27T10:02:52.634Z [52b06986d75b5b79] [ACCEPTED LOGIN]   for client : anonymous / 172.18.0.1.
2021-02-27T10:02:52.692Z [3fb58fa7bd49662b] [ACCEPTED LOGIN]   for client : anonymous / 172.18.0.1.
2021-02-27T10:02:53.241Z [255f6a21e9edf3d4] [ACCEPTED LOGIN]   for client : anonymous / 172.18.0.1.
2021-02-27T10:02:53.255Z [255f6a21e9edf3d4] [ACCEPTED LOGIN]   for client : anonymous / 172.18.0.1.
2021-02-27T10:02:53.865Z [665a727ae4c40fe5] [ACCEPTED LOGIN]   for client : anonymous / 172.18.0.1.
2021-02-27T10:02:56.659Z [5479f658cc246003] [DENIED LOGIN]   for client : admin / 172.18.0.1.
2021-02-27T10:03:00.642Z [d1f83326222f49f ] [ACCEPTED LOGIN]   for client : admin / 172.18.0.1.
2021-02-27T10:03:00.962Z [3c53491a281e8dba] [ACCEPTED LOGIN]   for client : admin / 172.18.0.1.
2021-02-27T10:03:00.966Z [3c53491a281e8dba] [ACCEPTED LOGIN]   for client : admin / 172.18.0.1.
2021-02-27T10:03:01.053Z [349cc8486e01e7b8] [ACCEPTED LOGIN]   for client : admin / 172.18.0.1.
2021-02-27T10:03:01.732Z [6a59f503472eb77b] [ACCEPTED LOGIN]   for client : jffe@000 / 127.0.0.1.
2021-02-27T10:03:01.736Z [39fba13a2c3e2949] [ACCEPTED LOGIN]   for client : jffe@000 / 127.0.0.1.
2021-02-27T10:03:01.740Z [47b368e4a553338c] [ACCEPTED LOGIN]   for client : jffe@000 / 127.0.0.1.
2021-02-27T10:03:01.755Z [1155f44141a75137] [ACCEPTED LOGIN]   for client : jffe@000 / 127.0.0.1.
2021-02-27T10:03:24.884Z [16e24228b921af91] [ACCEPTED LOGIN]   for client : admin / 172.18.0.1.
2021-02-27T10:03:29.393Z [4fa51b4d886b0c07] [ACCEPTED LOGIN]   for client : admin / 172.18.0.1.
2021-02-27T10:03:29.401Z [3238d425eee3e359] [ACCEPTED LOGIN]   for client : admin / 172.18.0.1.
2021-02-27T10:03:31.668Z [35590029518f4684] [ACCEPTED LOGIN]   for client : jffe@000 / 127.0.0.1.
2021-02-27T10:03:31.682Z [434242042d82c1fe] [ACCEPTED LOGIN]   for client : jffe@000 / 127.0.0.1.
2021-02-27T10:03:31.684Z [17b46bc8a7d570ef] [ACCEPTED LOGIN]   for client : jffe@000 / 127.0.0.1.
2021-02-27T10:03:31.684Z [70a5e13d6e9472f2] [ACCEPTED LOGIN]   for client : jffe@000 / 127.0.0.1.
2021-02-27T10:03:45.909Z [68ef59edc123376e] [ACCEPTED LOGIN]   for client : admin / 172.18.0.1.
2021-02-27T10:03:45.917Z [26ecfc02f0fbe683] [ACCEPTED LOGIN]   for client : admin / 172.18.0.1.
2021-02-27T10:03:46.083Z [68f08090db8c1922] [ACCEPTED LOGIN]   for client : admin / 172.18.0.1.
2021-02-27T10:04:01.685Z [5f29e6e97a4eee7b] [ACCEPTED LOGIN]   for client : jffe@000 / 127.0.0.1.
2021-02-27T10:04:01.685Z [f07b4b96aadb3b2 ] [ACCEPTED LOGIN]   for client : jffe@000 / 127.0.0.1.
2021-02-27T10:04:01.692Z [7027ae5419b5571f] [ACCEPTED LOGIN]   for client : jffe@000 / 127.0.0.1.
2021-02-27T10:04:01.707Z [7c7f8b5f19b7fa25] [ACCEPTED LOGIN]   for client : jffe@000 / 127.0.0.1.
2021-02-27T10:04:02.859Z [6e03c3198a33d409] [ACCEPTED LOGIN]   for client : admin / 172.18.0.1.
2021-02-27T10:04:05.734Z [3b37fc141cc9f7bd] [ACCEPTED CONFIGURATION_CHANGE]   for client : admin / 172.18.0.1.
2021-02-27T10:04:31.674Z [7173f0f8b2c83e6c] [ACCEPTED LOGIN]   for client : jffe@000 / 127.0.0.1.
2021-02-27T10:04:31.690Z [a6ace1b51e5e1ce ] [ACCEPTED LOGIN]   for client : jffe@000 / 127.0.0.1.
2021-02-27T10:04:31.691Z [54f41d3efda48b21] [ACCEPTED LOGIN]   for client : jffe@000 / 127.0.0.1.
2021-02-27T10:04:31.699Z [7af4a1262d1dfedb] [ACCEPTED LOGIN]   for client : jffe@000 / 127.0.0.1.
2021-02-27T10:07:14.005Z [66c55803e20fefe5] [ACCEPTED LOGIN]   for client : jffe@000 / 127.0.0.1.
2021-02-27T10:07:46.214Z [6654bb1ee5f134e0] [ACCEPTED LOGIN]   for client : jffe@000 / 127.0.0.1.
2021-02-27T10:07:46.223Z [3fbfffde7749fa5c] [ACCEPTED LOGIN]   for client : jffe@000 / 127.0.0.1.
2021-02-27T10:07:46.225Z [7c0f50da71aad715] [ACCEPTED LOGIN]   for client : jffe@000 / 127.0.0.1.
2021-02-27T10:07:46.228Z [6f6b6c1ea5d5bb93] [ACCEPTED LOGIN]   for client : jffe@000 / 127.0.0.1.
2021-02-27T10:07:51.375Z [4b19c348f81242c3] [ACCEPTED LOGIN]   for client : admin / 172.19.0.1.
2021-02-27T10:08:05.427Z [7f13e50b55a3974f] [ACCEPTED LOGIN]   for client : jffe@000 / 172.19.0.1.
2021-02-27T10:08:14.864Z [2be067d470704d76] [ACCEPTED LOGIN]   for client : admin / 172.19.0.1.
2021-02-27T10:08:14.886Z [11af71872c5743d1] [ACCEPTED LOGIN]   for client : admin / 172.19.0.1.
2021-02-27T10:08:14.916Z [2be067d470704d76] [ACCEPTED LOGIN]   for client : admin / 172.19.0.1.
2021-02-27T10:08:46.203Z [773b20015f5dd9ab] [ACCEPTED LOGIN]   for client : jffe@000 / 127.0.0.1.
2021-02-27T10:08:46.208Z [1c67d8d190538e8d] [ACCEPTED LOGIN]   for client : jffe@000 / 127.0.0.1.
2021-02-27T10:08:46.215Z [246294fdb748e0c8] [ACCEPTED LOGIN]   for client : jffe@000 / 127.0.0.1.
2021-02-27T10:08:46.225Z [6805f15211d15dd5] [ACCEPTED LOGIN]   for client : jffe@000 / 127.0.0.1.
2021-02-27T10:09:16.218Z [143786c0ee06dc9a] [ACCEPTED LOGIN]   for client : jffe@000 / 127.0.0.1.
2021-02-27T10:09:16.219Z [5af048ea40e0587b] [ACCEPTED LOGIN]   for client : jffe@000 / 127.0.0.1.
2021-02-27T10:09:16.228Z [3e9c02ae6bd73546] [ACCEPTED LOGIN]   for client : jffe@000 / 127.0.0.1.
2021-02-27T10:09:16.232Z [1dee1d5f72cc2a69] [ACCEPTED LOGIN]   for client : jffe@000 / 127.0.0.1.
2021-02-27T10:09:37.239Z [17c5db51ce9823ce] [ACCEPTED LOGIN]   for client : admin / 172.19.0.1.
2021-02-27T10:09:46.216Z [1ee453ebc99b0f5d] [ACCEPTED LOGIN]   for client : jffe@000 / 127.0.0.1.
2021-02-27T10:09:46.223Z [504c6868c7a924ee] [ACCEPTED LOGIN]   for client : jffe@000 / 127.0.0.1.
2021-02-27T10:09:46.229Z [6379f5e8851ea474] [ACCEPTED LOGIN]   for client : jffe@000 / 127.0.0.1.
2021-02-27T10:09:46.234Z [6179916b406987eb] [ACCEPTED LOGIN]   for client : jffe@000 / 127.0.0.1.
2021-02-27T10:10:16.223Z [5caf7d698330e41 ] [ACCEPTED LOGIN]   for client : jffe@000 / 127.0.0.1.
2021-02-27T10:10:16.231Z [f0cf3bfe9833558 ] [ACCEPTED LOGIN]   for client : jffe@000 / 127.0.0.1.
2021-02-27T10:10:16.236Z [16364d215de9157a] [ACCEPTED LOGIN]   for client : jffe@000 / 127.0.0.1.
2021-02-27T10:10:16.254Z [35604acec3eb75c3] [ACCEPTED LOGIN]   for client : jffe@000 / 127.0.0.1.
2021-02-27T10:10:46.227Z [3a08cde8b3c10c97] [ACCEPTED LOGIN]   for client : jffe@000 / 127.0.0.1.
2021-02-27T10:10:46.227Z [696be7ecada8f6a5] [ACCEPTED LOGIN]   for client : jffe@000 / 127.0.0.1.
2021-02-27T10:10:46.230Z [2fdca216153aae77] [ACCEPTED LOGIN]   for client : jffe@000 / 127.0.0.1.
2021-02-27T10:10:46.230Z [1ca6df98b8b0503f] [ACCEPTED LOGIN]   for client : jffe@000 / 127.0.0.1.
2021-02-27T10:20:31.853Z [6ac0bfec36b0eaca] [ACCEPTED LOGIN]   for client : jffe@000 / 127.0.0.1.
2021-02-27T10:21:04.222Z [7f507669a7ad86ae] [ACCEPTED LOGIN]   for client : jffe@000 / 127.0.0.1.
2021-02-27T10:21:04.235Z [74d3bde4dadcadf4] [ACCEPTED LOGIN]   for client : jffe@000 / 127.0.0.1.
2021-02-27T10:21:04.239Z [39e05671d119f5aa] [ACCEPTED LOGIN]   for client : jffe@000 / 127.0.0.1.
2021-02-27T10:21:04.253Z [6798a2696e64523d] [ACCEPTED LOGIN]   for client : jffe@000 / 127.0.0.1.
2021-02-27T10:21:34.226Z [66e761e3a38b65e8] [ACCEPTED LOGIN]   for client : jffe@000 / 127.0.0.1.
2021-02-27T10:21:34.232Z [6904e48f41b40b3f] [ACCEPTED LOGIN]   for client : jffe@000 / 127.0.0.1.
2021-02-27T10:21:34.238Z [18abc0382e3af7c ] [ACCEPTED LOGIN]   for client : jffe@000 / 127.0.0.1.
2021-02-27T10:21:34.243Z [3cc0e07e33fe4ce1] [ACCEPTED LOGIN]   for client : jffe@000 / 127.0.0.1.
2021-02-27T10:21:39.245Z [65e3c77fcb0a5fce] [ACCEPTED LOGIN]   for client : admin / 172.19.0.1.
2021-02-27T10:21:39.271Z [65e3c77fcb0a5fce] [ACCEPTED LOGIN]   for client : admin / 172.19.0.1.
2021-02-27T10:21:39.307Z [5de57117ffa87b14] [ACCEPTED LOGIN]   for client : admin / 172.19.0.1.
2021-02-27T10:22:04.184Z [5bed6448dd094940] [ACCEPTED LOGIN]   for client : jffe@000 / 127.0.0.1.
2021-02-27T10:22:04.201Z [51b745cc5c1da7ff] [ACCEPTED LOGIN]   for client : jffe@000 / 127.0.0.1.
2021-02-27T10:22:04.218Z [6f9527fc74cc469 ] [ACCEPTED LOGIN]   for client : jffe@000 / 127.0.0.1.
2021-02-27T10:22:04.222Z [25cb87bf6ef6fe54] [ACCEPTED LOGIN]   for client : jffe@000 / 127.0.0.1.
2021-02-27T10:22:08.840Z [6175b9ae7923c7f9] [ACCEPTED LOGIN]   for client : admin / 172.19.0.1.
2021-02-27T10:22:33.820Z [7dacb78949fd1e03] [ACCEPTED LOGIN]   for client : admin / 172.19.0.1.
2021-02-27T10:22:34.181Z [7ea2cf7d4eca3a8 ] [ACCEPTED LOGIN]   for client : jffe@000 / 127.0.0.1.
2021-02-27T10:22:34.194Z [26397e58aadc1f4e] [ACCEPTED LOGIN]   for client : jffe@000 / 127.0.0.1.
2021-02-27T10:22:34.194Z [3cfcfc876ab55f03] [ACCEPTED LOGIN]   for client : jffe@000 / 127.0.0.1.
2021-02-27T10:22:34.203Z [1681c94485865c27] [ACCEPTED LOGIN]   for client : jffe@000 / 127.0.0.1.
2021-02-27T10:23:04.194Z [29efe2800865f7b7] [ACCEPTED LOGIN]   for client : jffe@000 / 127.0.0.1.
2021-02-27T10:23:04.199Z [426ab9443968d5b4] [ACCEPTED LOGIN]   for client : jffe@000 / 127.0.0.1.
2021-02-27T10:23:04.201Z [1acf248e0821e6db] [ACCEPTED LOGIN]   for client : jffe@000 / 127.0.0.1.
2021-02-27T10:23:04.205Z [2d3d1c301d4cb701] [ACCEPTED LOGIN]   for client : jffe@000 / 127.0.0.1.
