27-Feb-2021 10:01:53.881 INFO [localhost-startStop-2] org.apache.catalina.core.ApplicationContext.log 1 Spring WebApplicationInitializers detected on classpath
27-Feb-2021 10:02:01.219 INFO [localhost-startStop-2] org.apache.catalina.core.ApplicationContext.log Initializing Spring embedded WebApplicationContext
27-Feb-2021 10:02:09.028 INFO [localhost-startStop-1] org.apache.catalina.core.ApplicationContext.log Marking servlet [Binary Store] as unavailable
27-Feb-2021 10:02:09.031 SEVERE [localhost-startStop-1] org.apache.catalina.core.StandardContext.loadOnStartup Servlet [Binary Store] in web application [/artifactory] threw load() exception
	java.lang.ClassNotFoundException: org.jfrog.storage.binstore.servlet.BinaryStoreServlet
		at org.apache.catalina.loader.WebappClassLoaderBase.loadClass(WebappClassLoaderBase.java:1358)
		at org.apache.catalina.loader.WebappClassLoaderBase.loadClass(WebappClassLoaderBase.java:1180)
		at org.apache.catalina.core.DefaultInstanceManager.loadClass(DefaultInstanceManager.java:545)
		at org.apache.catalina.core.DefaultInstanceManager.loadClassMaybePrivileged(DefaultInstanceManager.java:526)
		at org.apache.catalina.core.DefaultInstanceManager.newInstance(DefaultInstanceManager.java:150)
		at org.apache.catalina.core.StandardWrapper.loadServlet(StandardWrapper.java:1044)
		at org.apache.catalina.core.StandardWrapper.load(StandardWrapper.java:985)
		at org.apache.catalina.core.StandardContext.loadOnStartup(StandardContext.java:4875)
		at org.apache.catalina.core.StandardContext.startInternal(StandardContext.java:5189)
		at org.apache.catalina.util.LifecycleBase.start(LifecycleBase.java:183)
		at org.apache.catalina.core.ContainerBase.addChildInternal(ContainerBase.java:743)
		at org.apache.catalina.core.ContainerBase.addChild(ContainerBase.java:719)
		at org.apache.catalina.core.StandardHost.addChild(StandardHost.java:705)
		at org.apache.catalina.startup.HostConfig.deployDescriptor(HostConfig.java:614)
		at org.apache.catalina.startup.HostConfig$DeployDescriptor.run(HostConfig.java:1822)
		at java.base/java.util.concurrent.Executors$RunnableAdapter.call(Executors.java:515)
		at java.base/java.util.concurrent.FutureTask.run(FutureTask.java:264)
		at java.base/java.util.concurrent.ThreadPoolExecutor.runWorker(ThreadPoolExecutor.java:1128)
		at java.base/java.util.concurrent.ThreadPoolExecutor$Worker.run(ThreadPoolExecutor.java:628)
		at java.base/java.lang.Thread.run(Thread.java:834)
27-Feb-2021 10:04:32.926 INFO [localhost-startStop-3] org.apache.catalina.core.ApplicationContext.log Closing Spring root WebApplicationContext
27-Feb-2021 10:04:55.678 INFO [localhost-startStop-2] org.apache.catalina.core.ApplicationContext.log 1 Spring WebApplicationInitializers detected on classpath
27-Feb-2021 10:06:42.916 INFO [localhost-startStop-2] org.apache.catalina.core.ApplicationContext.log 1 Spring WebApplicationInitializers detected on classpath
27-Feb-2021 10:06:48.253 INFO [localhost-startStop-1] org.apache.catalina.core.ApplicationContext.log Marking servlet [Binary Store] as unavailable
27-Feb-2021 10:06:48.264 SEVERE [localhost-startStop-1] org.apache.catalina.core.StandardContext.loadOnStartup Servlet [Binary Store] in web application [/artifactory] threw load() exception
	java.lang.ClassNotFoundException: org.jfrog.storage.binstore.servlet.BinaryStoreServlet
		at org.apache.catalina.loader.WebappClassLoaderBase.loadClass(WebappClassLoaderBase.java:1358)
		at org.apache.catalina.loader.WebappClassLoaderBase.loadClass(WebappClassLoaderBase.java:1180)
		at org.apache.catalina.core.DefaultInstanceManager.loadClass(DefaultInstanceManager.java:545)
		at org.apache.catalina.core.DefaultInstanceManager.loadClassMaybePrivileged(DefaultInstanceManager.java:526)
		at org.apache.catalina.core.DefaultInstanceManager.newInstance(DefaultInstanceManager.java:150)
		at org.apache.catalina.core.StandardWrapper.loadServlet(StandardWrapper.java:1044)
		at org.apache.catalina.core.StandardWrapper.load(StandardWrapper.java:985)
		at org.apache.catalina.core.StandardContext.loadOnStartup(StandardContext.java:4875)
		at org.apache.catalina.core.StandardContext.startInternal(StandardContext.java:5189)
		at org.apache.catalina.util.LifecycleBase.start(LifecycleBase.java:183)
		at org.apache.catalina.core.ContainerBase.addChildInternal(ContainerBase.java:743)
		at org.apache.catalina.core.ContainerBase.addChild(ContainerBase.java:719)
		at org.apache.catalina.core.StandardHost.addChild(StandardHost.java:705)
		at org.apache.catalina.startup.HostConfig.deployDescriptor(HostConfig.java:614)
		at org.apache.catalina.startup.HostConfig$DeployDescriptor.run(HostConfig.java:1822)
		at java.base/java.util.concurrent.Executors$RunnableAdapter.call(Executors.java:515)
		at java.base/java.util.concurrent.FutureTask.run(FutureTask.java:264)
		at java.base/java.util.concurrent.ThreadPoolExecutor.runWorker(ThreadPoolExecutor.java:1128)
		at java.base/java.util.concurrent.ThreadPoolExecutor$Worker.run(ThreadPoolExecutor.java:628)
		at java.base/java.lang.Thread.run(Thread.java:834)
27-Feb-2021 10:06:49.985 INFO [localhost-startStop-2] org.apache.catalina.core.ApplicationContext.log Initializing Spring embedded WebApplicationContext
27-Feb-2021 10:11:11.634 INFO [localhost-startStop-4] org.apache.catalina.core.ApplicationContext.log Closing Spring root WebApplicationContext
27-Feb-2021 10:19:49.639 INFO [localhost-startStop-2] org.apache.catalina.core.ApplicationContext.log 1 Spring WebApplicationInitializers detected on classpath
27-Feb-2021 10:19:54.388 INFO [localhost-startStop-1] org.apache.catalina.core.ApplicationContext.log Marking servlet [Binary Store] as unavailable
27-Feb-2021 10:19:54.405 SEVERE [localhost-startStop-1] org.apache.catalina.core.StandardContext.loadOnStartup Servlet [Binary Store] in web application [/artifactory] threw load() exception
	java.lang.ClassNotFoundException: org.jfrog.storage.binstore.servlet.BinaryStoreServlet
		at org.apache.catalina.loader.WebappClassLoaderBase.loadClass(WebappClassLoaderBase.java:1358)
		at org.apache.catalina.loader.WebappClassLoaderBase.loadClass(WebappClassLoaderBase.java:1180)
		at org.apache.catalina.core.DefaultInstanceManager.loadClass(DefaultInstanceManager.java:545)
		at org.apache.catalina.core.DefaultInstanceManager.loadClassMaybePrivileged(DefaultInstanceManager.java:526)
		at org.apache.catalina.core.DefaultInstanceManager.newInstance(DefaultInstanceManager.java:150)
		at org.apache.catalina.core.StandardWrapper.loadServlet(StandardWrapper.java:1044)
		at org.apache.catalina.core.StandardWrapper.load(StandardWrapper.java:985)
		at org.apache.catalina.core.StandardContext.loadOnStartup(StandardContext.java:4875)
		at org.apache.catalina.core.StandardContext.startInternal(StandardContext.java:5189)
		at org.apache.catalina.util.LifecycleBase.start(LifecycleBase.java:183)
		at org.apache.catalina.core.ContainerBase.addChildInternal(ContainerBase.java:743)
		at org.apache.catalina.core.ContainerBase.addChild(ContainerBase.java:719)
		at org.apache.catalina.core.StandardHost.addChild(StandardHost.java:705)
		at org.apache.catalina.startup.HostConfig.deployDescriptor(HostConfig.java:614)
		at org.apache.catalina.startup.HostConfig$DeployDescriptor.run(HostConfig.java:1822)
		at java.base/java.util.concurrent.Executors$RunnableAdapter.call(Executors.java:515)
		at java.base/java.util.concurrent.FutureTask.run(FutureTask.java:264)
		at java.base/java.util.concurrent.ThreadPoolExecutor.runWorker(ThreadPoolExecutor.java:1128)
		at java.base/java.util.concurrent.ThreadPoolExecutor$Worker.run(ThreadPoolExecutor.java:628)
		at java.base/java.lang.Thread.run(Thread.java:834)
27-Feb-2021 10:19:56.377 INFO [localhost-startStop-2] org.apache.catalina.core.ApplicationContext.log Initializing Spring embedded WebApplicationContext
27-Feb-2021 10:23:06.686 INFO [localhost-startStop-4] org.apache.catalina.core.ApplicationContext.log Closing Spring root WebApplicationContext
